mode: set
github.com/achanandhi/go-joke-app/app.go:32.13,43.16 4 1
github.com/achanandhi/go-joke-app/app.go:43.16,45.3 1 0
github.com/achanandhi/go-joke-app/app.go:48.2,48.26 1 1
github.com/achanandhi/go-joke-app/app.go:48.26,49.34 1 1
github.com/achanandhi/go-joke-app/app.go:49.34,50.9 1 1
github.com/achanandhi/go-joke-app/app.go:52.3,53.30 2 0
github.com/achanandhi/go-joke-app/app.go:55.2,55.16 1 1
github.com/achanandhi/go-joke-app/app.go:55.16,57.3 1 0
github.com/achanandhi/go-joke-app/app.go:60.2,70.16 2 1
github.com/achanandhi/go-joke-app/app.go:70.16,72.3 1 0
github.com/achanandhi/go-joke-app/app.go:75.33,77.16 2 1
github.com/achanandhi/go-joke-app/app.go:77.16,79.3 1 0
github.com/achanandhi/go-joke-app/app.go:80.2,83.62 3 1
github.com/achanandhi/go-joke-app/app.go:83.62,85.3 1 0
github.com/achanandhi/go-joke-app/app.go:86.2,86.16 1 1
github.com/achanandhi/go-joke-app/app.go:89.30,95.2 2 1
github.com/achanandhi/go-joke-app/app.go:97.58,99.16 2 1
github.com/achanandhi/go-joke-app/app.go:99.16,102.3 2 0
github.com/achanandhi/go-joke-app/app.go:103.2,103.36 1 1
github.com/achanandhi/go-joke-app/app.go:103.36,106.3 2 0
github.com/achanandhi/go-joke-app/app.go:107.2,108.30 2 1
github.com/achanandhi/go-joke-app/app.go:111.58,113.16 2 1
github.com/achanandhi/go-joke-app/app.go:113.16,116.3 2 0
github.com/achanandhi/go-joke-app/app.go:117.2,120.62 3 1
github.com/achanandhi/go-joke-app/app.go:120.62,123.3 2 0
github.com/achanandhi/go-joke-app/app.go:125.2,138.17 4 1
github.com/achanandhi/go-joke-app/app.go:141.13,147.2 5 0
