mode: set
github.com/achanandhi/go-joke-app/app.go:34.16,46.16 5 1
github.com/achanandhi/go-joke-app/app.go:46.16,48.3 1 0
github.com/achanandhi/go-joke-app/app.go:50.2,50.26 1 1
github.com/achanandhi/go-joke-app/app.go:50.26,51.34 1 1
github.com/achanandhi/go-joke-app/app.go:51.34,52.9 1 1
github.com/achanandhi/go-joke-app/app.go:54.3,55.30 2 0
github.com/achanandhi/go-joke-app/app.go:57.2,57.16 1 1
github.com/achanandhi/go-joke-app/app.go:57.16,59.3 1 0
github.com/achanandhi/go-joke-app/app.go:61.2,71.16 2 1
github.com/achanandhi/go-joke-app/app.go:71.16,73.3 1 0
github.com/achanandhi/go-joke-app/app.go:76.33,78.16 2 1
github.com/achanandhi/go-joke-app/app.go:78.16,80.3 1 0
github.com/achanandhi/go-joke-app/app.go:81.2,84.62 3 1
github.com/achanandhi/go-joke-app/app.go:84.62,86.3 1 0
github.com/achanandhi/go-joke-app/app.go:87.2,87.16 1 1
github.com/achanandhi/go-joke-app/app.go:90.30,96.2 2 1
github.com/achanandhi/go-joke-app/app.go:98.58,100.16 2 1
github.com/achanandhi/go-joke-app/app.go:100.16,103.3 2 0
github.com/achanandhi/go-joke-app/app.go:104.2,104.36 1 1
github.com/achanandhi/go-joke-app/app.go:104.36,107.3 2 0
github.com/achanandhi/go-joke-app/app.go:108.2,109.30 2 1
github.com/achanandhi/go-joke-app/app.go:112.58,114.16 2 1
github.com/achanandhi/go-joke-app/app.go:114.16,117.3 2 0
github.com/achanandhi/go-joke-app/app.go:118.2,121.62 3 1
github.com/achanandhi/go-joke-app/app.go:121.62,124.3 2 0
github.com/achanandhi/go-joke-app/app.go:126.2,138.17 3 1
github.com/achanandhi/go-joke-app/app.go:141.13,148.2 6 0
